[I 2023-08-04 19:51:12,414] Trial 274 finished with value: 0.006119577307254076 and parameters: {'lr': 0.0011109622504066026, 'hidden_dim': 237, 'n_layers': 5, 'batch_size': 64}. Best is trial 267 with value: 0.005639907717704773.
Early stopping...
[I 2023-08-04 20:08:03,199] Trial 275 finished with value: 0.006740692692498366 and parameters: {'lr': 0.0008092222241776395, 'hidden_dim': 238, 'n_layers': 5, 'batch_size': 128}. Best is trial 267 with value: 0.005639907717704773.
[I 2023-08-04 20:26:24,127] Trial 276 finished with value: 0.005637188535183668 and parameters: {'lr': 0.0010723083631597413, 'hidden_dim': 233, 'n_layers': 5, 'batch_size': 64}. Best is trial 276 with value: 0.005637188535183668.
[I 2023-08-04 20:44:31,037] Trial 277 finished with value: 0.00566773321479559 and parameters: {'lr': 0.0011263075013552895, 'hidden_dim': 240, 'n_layers': 5, 'batch_size': 64}. Best is trial 276 with value: 0.005637188535183668.
Early stopping...
[I 2023-08-04 21:03:07,041] Trial 278 finished with value: 0.0057953398674726484 and parameters: {'lr': 0.0006324852595937594, 'hidden_dim': 239, 'n_layers': 5, 'batch_size': 64}. Best is trial 276 with value: 0.005637188535183668.
[I 2023-08-04 21:21:19,897] Trial 279 finished with value: 0.005703123472630978 and parameters: {'lr': 0.001003154442003982, 'hidden_dim': 231, 'n_layers': 5, 'batch_size': 64}. Best is trial 276 with value: 0.005637188535183668.
[I 2023-08-04 21:39:33,597] Trial 280 finished with value: 0.005683247558772564 and parameters: {'lr': 0.0008044413884730023, 'hidden_dim': 231, 'n_layers': 5, 'batch_size': 64}. Best is trial 276 with value: 0.005637188535183668.
[I 2023-08-04 21:56:45,405] Trial 281 finished with value: 0.005770699400454759 and parameters: {'lr': 0.0008671758856226106, 'hidden_dim': 232, 'n_layers': 5, 'batch_size': 64}. Best is trial 276 with value: 0.005637188535183668.
Early stopping...
[I 2023-08-04 22:14:57,086] Trial 282 finished with value: 0.005644023604691029 and parameters: {'lr': 0.0008025191727575701, 'hidden_dim': 232, 'n_layers': 5, 'batch_size': 64}. Best is trial 276 with value: 0.005637188535183668.
[I 2023-08-04 22:33:16,870] Trial 283 finished with value: 0.0058405534364283085 and parameters: {'lr': 0.000499789772182896, 'hidden_dim': 235, 'n_layers': 5, 'batch_size': 64}. Best is trial 276 with value: 0.005637188535183668.
[I 2023-08-04 22:44:51,129] Trial 284 finished with value: 0.006853645760565996 and parameters: {'lr': 0.000639965223295171, 'hidden_dim': 232, 'n_layers': 5, 'batch_size': 64}. Best is trial 276 with value: 0.005637188535183668.
Early stopping...
[I 2023-08-04 23:03:02,624] Trial 285 finished with value: 0.005722594168037176 and parameters: {'lr': 0.0007499290412504466, 'hidden_dim': 230, 'n_layers': 5, 'batch_size': 64}. Best is trial 276 with value: 0.005637188535183668.
[I 2023-08-04 23:21:12,418] Trial 286 finished with value: 0.005687627848237753 and parameters: {'lr': 0.0009839375839034953, 'hidden_dim': 229, 'n_layers': 5, 'batch_size': 64}. Best is trial 276 with value: 0.005637188535183668.
[I 2023-08-04 23:39:10,717] Trial 287 finished with value: 0.005760494899004698 and parameters: {'lr': 0.0007417415688739243, 'hidden_dim': 235, 'n_layers': 5, 'batch_size': 64}. Best is trial 276 with value: 0.005637188535183668.
Early stopping...
[I 2023-08-04 23:56:15,896] Trial 288 finished with value: 0.005740798823535442 and parameters: {'lr': 0.0009353362512376607, 'hidden_dim': 239, 'n_layers': 5, 'batch_size': 64}. Best is trial 276 with value: 0.005637188535183668.
Early stopping...
[I 2023-08-05 00:14:19,004] Trial 289 finished with value: 0.005727852415293455 and parameters: {'lr': 0.0007209524164445811, 'hidden_dim': 228, 'n_layers': 5, 'batch_size': 64}. Best is trial 276 with value: 0.005637188535183668.
[I 2023-08-05 00:30:27,616] Trial 290 finished with value: 0.007385700475424528 and parameters: {'lr': 0.0010401050462167443, 'hidden_dim': 232, 'n_layers': 5, 'batch_size': 256}. Best is trial 276 with value: 0.005637188535183668.
[I 2023-08-05 00:44:33,075] Trial 291 finished with value: 0.006051888130605221 and parameters: {'lr': 0.0008080048680802781, 'hidden_dim': 226, 'n_layers': 5, 'batch_size': 64}. Best is trial 276 with value: 0.005637188535183668.
Early stopping...
[I 2023-08-05 01:03:04,474] Trial 292 finished with value: 0.0056863994337618354 and parameters: {'lr': 0.0010989442001405113, 'hidden_dim': 238, 'n_layers': 5, 'batch_size': 64}. Best is trial 276 with value: 0.005637188535183668.
[I 2023-08-05 01:13:20,547] Trial 293 finished with value: 0.006717016361653805 and parameters: {'lr': 0.001091885447636269, 'hidden_dim': 240, 'n_layers': 5, 'batch_size': 64}. Best is trial 276 with value: 0.005637188535183668.
Early stopping...
[I 2023-08-05 01:31:39,542] Trial 294 finished with value: 0.005690328497439623 and parameters: {'lr': 0.0008935077436835631, 'hidden_dim': 233, 'n_layers': 5, 'batch_size': 64}. Best is trial 276 with value: 0.005637188535183668.
[I 2023-08-05 01:49:54,803] Trial 295 finished with value: 0.005677245836704969 and parameters: {'lr': 0.0009276132338599545, 'hidden_dim': 235, 'n_layers': 5, 'batch_size': 64}. Best is trial 276 with value: 0.005637188535183668.
[I 2023-08-05 02:08:12,829] Trial 296 finished with value: 0.005662213917821646 and parameters: {'lr': 0.0009323454305840635, 'hidden_dim': 233, 'n_layers': 5, 'batch_size': 64}. Best is trial 276 with value: 0.005637188535183668.
[I 2023-08-05 02:25:05,459] Trial 297 finished with value: 0.005727505683898926 and parameters: {'lr': 0.0010263011485558164, 'hidden_dim': 232, 'n_layers': 5, 'batch_size': 64}. Best is trial 276 with value: 0.005637188535183668.
Early stopping...
[I 2023-08-05 02:43:20,742] Trial 298 finished with value: 0.005728088039904833 and parameters: {'lr': 0.0008323162018846878, 'hidden_dim': 236, 'n_layers': 5, 'batch_size': 64}. Best is trial 276 with value: 0.005637188535183668.
[I 2023-08-05 02:54:34,050] Trial 299 finished with value: 0.006485942751169205 and parameters: {'lr': 0.0009133785191886916, 'hidden_dim': 228, 'n_layers': 5, 'batch_size': 64}. Best is trial 276 with value: 0.005637188535183668.
Early stopping...