[I 2023-08-03 11:14:15,746] Trial 94 finished with value: 0.005792711861431599 and parameters: {'lr': 0.004811699970504655, 'hidden_dim': 156, 'n_layers': 6, 'batch_size': 64}. Best is trial 71 with value: 0.005670638848096132.
Early stopping...
[I 2023-08-03 11:22:50,428] Trial 95 finished with value: 0.006209439970552922 and parameters: {'lr': 0.0036706750010887398, 'hidden_dim': 155, 'n_layers': 6, 'batch_size': 64}. Best is trial 71 with value: 0.005670638848096132.
Early stopping...
[I 2023-08-03 11:37:12,160] Trial 96 finished with value: 0.005820872355252504 and parameters: {'lr': 0.004710976513360344, 'hidden_dim': 177, 'n_layers': 6, 'batch_size': 64}. Best is trial 71 with value: 0.005670638848096132.
Early stopping...
[I 2023-08-03 11:39:10,100] Trial 97 finished with value: 0.04226552248001099 and parameters: {'lr': 0.003081040655093489, 'hidden_dim': 164, 'n_layers': 6, 'batch_size': 64}. Best is trial 71 with value: 0.005670638848096132.
Early stopping...
[I 2023-08-03 11:53:14,567] Trial 98 finished with value: 0.006229509972035885 and parameters: {'lr': 0.005446169225693333, 'hidden_dim': 149, 'n_layers': 6, 'batch_size': 64}. Best is trial 71 with value: 0.005670638848096132.
[I 2023-08-03 12:05:52,334] Trial 99 finished with value: 0.005791192688047886 and parameters: {'lr': 0.0021765667316154774, 'hidden_dim': 181, 'n_layers': 6, 'batch_size': 64}. Best is trial 71 with value: 0.005670638848096132.
Early stopping...
[I 2023-08-03 12:10:39,043] Trial 100 finished with value: 0.042530905455350876 and parameters: {'lr': 0.0022842492582474004, 'hidden_dim': 182, 'n_layers': 7, 'batch_size': 128}. Best is trial 71 with value: 0.005670638848096132.
Early stopping...
[I 2023-08-03 12:29:14,605] Trial 101 finished with value: 0.005968276597559452 and parameters: {'lr': 0.0017483806066928775, 'hidden_dim': 191, 'n_layers': 8, 'batch_size': 64}. Best is trial 71 with value: 0.005670638848096132.
Early stopping...
[I 2023-08-03 12:44:57,370] Trial 102 finished with value: 0.006007829774171114 and parameters: {'lr': 0.0012549342940519955, 'hidden_dim': 173, 'n_layers': 6, 'batch_size': 64}. Best is trial 71 with value: 0.005670638848096132.
[I 2023-08-03 13:03:58,916] Trial 103 finished with value: 0.0060592954978346825 and parameters: {'lr': 0.0009084817873474672, 'hidden_dim': 189, 'n_layers': 7, 'batch_size': 64}. Best is trial 71 with value: 0.005670638848096132.
[I 2023-08-03 13:08:21,545] Trial 104 finished with value: 0.04221251308917999 and parameters: {'lr': 0.002234124578043514, 'hidden_dim': 178, 'n_layers': 6, 'batch_size': 64}. Best is trial 71 with value: 0.005670638848096132.
Early stopping...
[I 2023-08-03 13:16:44,738] Trial 105 finished with value: 0.0068526511080563065 and parameters: {'lr': 0.0028422338630784212, 'hidden_dim': 158, 'n_layers': 6, 'batch_size': 64}. Best is trial 71 with value: 0.005670638848096132.
Early stopping...
[I 2023-08-03 13:32:00,330] Trial 106 finished with value: 0.0058260980993509294 and parameters: {'lr': 0.004237421818785703, 'hidden_dim': 196, 'n_layers': 6, 'batch_size': 64}. Best is trial 71 with value: 0.005670638848096132.
Early stopping...
[I 2023-08-03 13:47:28,925] Trial 107 finished with value: 0.005938901007175446 and parameters: {'lr': 0.0016810071215075334, 'hidden_dim': 169, 'n_layers': 6, 'batch_size': 64}. Best is trial 71 with value: 0.005670638848096132.
[I 2023-08-03 13:57:06,648] Trial 108 finished with value: 0.0060843950137496 and parameters: {'lr': 0.0037932400403076928, 'hidden_dim': 197, 'n_layers': 6, 'batch_size': 64}. Best is trial 71 with value: 0.005670638848096132.
Early stopping...
[I 2023-08-03 14:00:43,453] Trial 109 finished with value: 0.042261078208684924 and parameters: {'lr': 0.002697873309872059, 'hidden_dim': 211, 'n_layers': 6, 'batch_size': 64}. Best is trial 71 with value: 0.005670638848096132.
Early stopping...
[I 2023-08-03 14:15:18,426] Trial 110 finished with value: 0.007262710016220808 and parameters: {'lr': 0.0014424747420065864, 'hidden_dim': 185, 'n_layers': 6, 'batch_size': 256}. Best is trial 71 with value: 0.005670638848096132.
[I 2023-08-03 14:25:47,741] Trial 111 finished with value: 0.0058448206633329395 and parameters: {'lr': 0.0057853384103768914, 'hidden_dim': 125, 'n_layers': 5, 'batch_size': 64}. Best is trial 71 with value: 0.005670638848096132.
[I 2023-08-03 14:34:52,839] Trial 112 finished with value: 0.0061970649287104605 and parameters: {'lr': 0.0020530267043290967, 'hidden_dim': 98, 'n_layers': 6, 'batch_size': 64}. Best is trial 71 with value: 0.005670638848096132.
Early stopping...
[I 2023-08-03 14:39:06,672] Trial 113 finished with value: 0.04221190437674523 and parameters: {'lr': 0.003399346706200769, 'hidden_dim': 166, 'n_layers': 9, 'batch_size': 64}. Best is trial 71 with value: 0.005670638848096132.
Early stopping...
[I 2023-08-03 14:44:57,149] Trial 114 finished with value: 0.006545240152627229 and parameters: {'lr': 0.004379886055034714, 'hidden_dim': 102, 'n_layers': 6, 'batch_size': 64}. Best is trial 71 with value: 0.005670638848096132.
Early stopping...
[I 2023-08-03 14:48:35,246] Trial 115 finished with value: 0.035090997070074084 and parameters: {'lr': 0.0076620415395251655, 'hidden_dim': 139, 'n_layers': 6, 'batch_size': 64}. Best is trial 71 with value: 0.005670638848096132.
Early stopping...
[I 2023-08-03 14:57:03,565] Trial 116 finished with value: 0.006118913274258375 and parameters: {'lr': 0.002677429997423164, 'hidden_dim': 119, 'n_layers': 6, 'batch_size': 64}. Best is trial 71 with value: 0.005670638848096132.
Early stopping...
[I 2023-08-03 15:02:20,209] Trial 117 finished with value: 0.04214492961764336 and parameters: {'lr': 0.0017557563212251728, 'hidden_dim': 244, 'n_layers': 6, 'batch_size': 64}. Best is trial 71 with value: 0.005670638848096132.
Early stopping...
[I 2023-08-03 15:16:10,036] Trial 118 finished with value: 0.005785461701452732 and parameters: {'lr': 0.005049814268941509, 'hidden_dim': 162, 'n_layers': 6, 'batch_size': 64}. Best is trial 71 with value: 0.005670638848096132.
Early stopping...
[I 2023-08-03 15:18:03,133] Trial 119 finished with value: 0.042312228679656984 and parameters: {'lr': 0.00488768706690206, 'hidden_dim': 162, 'n_layers': 6, 'batch_size': 64}. Best is trial 71 with value: 0.005670638848096132.
Early stopping...
[I 2023-08-03 15:27:50,574] Trial 120 finished with value: 0.007904498217006525 and parameters: {'lr': 0.0011772308891729575, 'hidden_dim': 147, 'n_layers': 7, 'batch_size': 128}. Best is trial 71 with value: 0.005670638848096132.
Early stopping...
[I 2023-08-03 15:36:05,774] Trial 121 finished with value: 0.006468163058161736 and parameters: {'lr': 0.0023563310508631905, 'hidden_dim': 173, 'n_layers': 5, 'batch_size': 64}. Best is trial 71 with value: 0.005670638848096132.
Early stopping...
[I 2023-08-03 15:50:36,815] Trial 122 finished with value: 0.0060738476924598215 and parameters: {'lr': 0.0014717988963271306, 'hidden_dim': 179, 'n_layers': 6, 'batch_size': 64}. Best is trial 71 with value: 0.005670638848096132.
Early stopping...
[I 2023-08-03 16:04:28,950] Trial 123 finished with value: 0.005930218938738107 and parameters: {'lr': 0.0034325718675014424, 'hidden_dim': 157, 'n_layers': 7, 'batch_size': 64}. Best is trial 71 with value: 0.005670638848096132.
Early stopping...
[I 2023-08-03 16:16:30,697] Trial 124 finished with value: 0.005813108943402767 and parameters: {'lr': 0.006522801695996314, 'hidden_dim': 127, 'n_layers': 6, 'batch_size': 64}. Best is trial 71 with value: 0.005670638848096132.
[I 2023-08-03 16:21:39,223] Trial 125 finished with value: 0.04190863221883774 and parameters: {'lr': 0.003985491550985337, 'hidden_dim': 169, 'n_layers': 6, 'batch_size': 64}. Best is trial 71 with value: 0.005670638848096132.
Early stopping...
[I 2023-08-03 16:28:24,559] Trial 126 finished with value: 0.006272995285689831 and parameters: {'lr': 0.005719915873567265, 'hidden_dim': 112, 'n_layers': 6, 'batch_size': 64}. Best is trial 71 with value: 0.005670638848096132.
Early stopping...
[I 2023-08-03 16:34:57,199] Trial 127 finished with value: 0.007096888311207294 and parameters: {'lr': 0.0020632521837642454, 'hidden_dim': 106, 'n_layers': 6, 'batch_size': 64}. Best is trial 71 with value: 0.005670638848096132.
Early stopping...
[I 2023-08-03 16:39:27,300] Trial 128 finished with value: 0.04224480390548706 and parameters: {'lr': 0.00828590039733506, 'hidden_dim': 175, 'n_layers': 6, 'batch_size': 64}. Best is trial 71 with value: 0.005670638848096132.
Early stopping...
[I 2023-08-03 16:46:24,730] Trial 129 finished with value: 0.00687303002923727 and parameters: {'lr': 0.003030157732311514, 'hidden_dim': 136, 'n_layers': 6, 'batch_size': 64}. Best is trial 71 with value: 0.005670638848096132.
Early stopping...
[I 2023-08-03 17:01:34,043] Trial 130 finished with value: 0.005871404614299536 and parameters: {'lr': 0.0009649089304703506, 'hidden_dim': 164, 'n_layers': 6, 'batch_size': 64}. Best is trial 71 with value: 0.005670638848096132.
[I 2023-08-03 17:16:03,597] Trial 131 finished with value: 0.0067069788929075 and parameters: {'lr': 0.002576628838607584, 'hidden_dim': 184, 'n_layers': 6, 'batch_size': 256}. Best is trial 71 with value: 0.005670638848096132.
[I 2023-08-03 17:29:21,367] Trial 132 finished with value: 0.006159328483045101 and parameters: {'lr': 0.0018925184048549071, 'hidden_dim': 121, 'n_layers': 7, 'batch_size': 64}. Best is trial 71 with value: 0.005670638848096132.
[I 2023-08-03 17:31:10,115] Trial 133 finished with value: 0.04223799332976341 and parameters: {'lr': 0.0049061333236601916, 'hidden_dim': 115, 'n_layers': 6, 'batch_size': 64}. Best is trial 71 with value: 0.005670638848096132.
Early stopping...
[I 2023-08-03 17:32:40,502] Trial 134 finished with value: 0.04228857830166817 and parameters: {'lr': 0.007094188503723437, 'hidden_dim': 126, 'n_layers': 6, 'batch_size': 64}. Best is trial 71 with value: 0.005670638848096132.
Early stopping...
[I 2023-08-03 17:36:34,715] Trial 135 finished with value: 0.04211341887712479 and parameters: {'lr': 0.009991385607816544, 'hidden_dim': 160, 'n_layers': 6, 'batch_size': 64}. Best is trial 71 with value: 0.005670638848096132.
Early stopping...
[I 2023-08-03 17:51:13,297] Trial 136 finished with value: 0.005879250075668097 and parameters: {'lr': 0.005824620200687029, 'hidden_dim': 170, 'n_layers': 6, 'batch_size': 64}. Best is trial 71 with value: 0.005670638848096132.
Early stopping...
[I 2023-08-03 18:03:32,067] Trial 137 finished with value: 0.0056814120151102545 and parameters: {'lr': 0.0066395018311532624, 'hidden_dim': 131, 'n_layers': 6, 'batch_size': 64}. Best is trial 71 with value: 0.005670638848096132.
[I 2023-08-03 18:15:54,798] Trial 138 finished with value: 0.006045479606837034 and parameters: {'lr': 0.004142934253741714, 'hidden_dim': 134, 'n_layers': 6, 'batch_size': 64}. Best is trial 71 with value: 0.005670638848096132.
[I 2023-08-03 18:28:25,261] Trial 139 finished with value: 0.005762251000851393 and parameters: {'lr': 0.003282227179946678, 'hidden_dim': 154, 'n_layers': 6, 'batch_size': 64}. Best is trial 71 with value: 0.005670638848096132.
Early stopping...
[I 2023-08-03 18:42:37,517] Trial 140 finished with value: 0.0057977881282567974 and parameters: {'lr': 0.0031905756262744726, 'hidden_dim': 154, 'n_layers': 6, 'batch_size': 64}. Best is trial 71 with value: 0.005670638848096132.
[I 2023-08-03 18:55:28,151] Trial 141 finished with value: 0.005853977240622044 and parameters: {'lr': 0.0013128776257798525, 'hidden_dim': 143, 'n_layers': 6, 'batch_size': 64}. Best is trial 71 with value: 0.005670638848096132.
[I 2023-08-03 19:06:26,868] Trial 142 finished with value: 0.006301742047071457 and parameters: {'lr': 0.0016462945654212014, 'hidden_dim': 151, 'n_layers': 5, 'batch_size': 128}. Best is trial 71 with value: 0.005670638848096132.
[I 2023-08-03 19:10:52,031] Trial 143 finished with value: 0.04218819960951805 and parameters: {'lr': 0.0022693220826499505, 'hidden_dim': 166, 'n_layers': 8, 'batch_size': 64}. Best is trial 71 with value: 0.005670638848096132.
Early stopping...
[I 2023-08-03 19:24:07,278] Trial 144 finished with value: 0.005844834540039301 and parameters: {'lr': 0.0031604616184913855, 'hidden_dim': 155, 'n_layers': 6, 'batch_size': 64}. Best is trial 71 with value: 0.005670638848096132.
Early stopping...
[I 2023-08-03 19:26:04,466] Trial 145 finished with value: 0.042240206897258756 and parameters: {'lr': 0.0035680560737105164, 'hidden_dim': 160, 'n_layers': 6, 'batch_size': 64}. Best is trial 71 with value: 0.005670638848096132.
Early stopping...
[I 2023-08-03 19:39:51,386] Trial 146 finished with value: 0.005933958012610674 and parameters: {'lr': 0.0048554823985909904, 'hidden_dim': 181, 'n_layers': 6, 'batch_size': 64}. Best is trial 71 with value: 0.005670638848096132.
Early stopping...
[I 2023-08-03 19:48:59,785] Trial 147 finished with value: 0.006815967243164777 and parameters: {'lr': 0.0029967548824593997, 'hidden_dim': 153, 'n_layers': 6, 'batch_size': 64}. Best is trial 71 with value: 0.005670638848096132.
Early stopping...
[I 2023-08-03 19:57:31,325] Trial 148 finished with value: 0.007031576149165631 and parameters: {'lr': 0.0020270853250825304, 'hidden_dim': 163, 'n_layers': 6, 'batch_size': 64}. Best is trial 71 with value: 0.005670638848096132.
Early stopping...
[I 2023-08-03 20:09:43,258] Trial 149 finished with value: 0.0058975712396204475 and parameters: {'lr': 0.00258271603137241, 'hidden_dim': 174, 'n_layers': 6, 'batch_size': 64}. Best is trial 71 with value: 0.005670638848096132.
Early stopping...
[I 2023-08-03 20:11:47,961] Trial 150 finished with value: 0.04230800196528435 and parameters: {'lr': 0.008709061639649811, 'hidden_dim': 156, 'n_layers': 6, 'batch_size': 64}. Best is trial 71 with value: 0.005670638848096132.
Early stopping...
[I 2023-08-03 20:26:58,700] Trial 151 finished with value: 0.005859191715717316 and parameters: {'lr': 0.0015964367974301563, 'hidden_dim': 167, 'n_layers': 6, 'batch_size': 64}. Best is trial 71 with value: 0.005670638848096132.
[I 2023-08-03 20:39:45,048] Trial 152 finished with value: 0.005925259925425053 and parameters: {'lr': 0.0011237841706655109, 'hidden_dim': 172, 'n_layers': 6, 'batch_size': 64}. Best is trial 71 with value: 0.005670638848096132.
Early stopping...
[I 2023-08-03 20:51:43,446] Trial 153 finished with value: 0.005838257074356079 and parameters: {'lr': 0.006786820368027755, 'hidden_dim': 147, 'n_layers': 6, 'batch_size': 64}. Best is trial 71 with value: 0.005670638848096132.
Early stopping...
[I 2023-08-03 21:00:11,807] Trial 154 finished with value: 0.006287534721195698 and parameters: {'lr': 0.0037802526253720914, 'hidden_dim': 109, 'n_layers': 6, 'batch_size': 64}. Best is trial 71 with value: 0.005670638848096132.
Early stopping...
[I 2023-08-03 21:09:04,297] Trial 155 finished with value: 0.006104793958365917 and parameters: {'lr': 0.0044580964381006625, 'hidden_dim': 116, 'n_layers': 6, 'batch_size': 64}. Best is trial 71 with value: 0.005670638848096132.
Early stopping...
[I 2023-08-03 21:20:50,634] Trial 156 finished with value: 0.005965908244252205 and parameters: {'lr': 0.0028165079147596, 'hidden_dim': 122, 'n_layers': 6, 'batch_size': 64}. Best is trial 71 with value: 0.005670638848096132.
[I 2023-08-03 21:23:19,999] Trial 157 finished with value: 0.04228464514017105 and parameters: {'lr': 0.005752864857903073, 'hidden_dim': 140, 'n_layers': 6, 'batch_size': 64}. Best is trial 71 with value: 0.005670638848096132.
Early stopping...
[I 2023-08-03 21:33:58,267] Trial 158 finished with value: 0.005940956249833107 and parameters: {'lr': 0.004057365070124731, 'hidden_dim': 103, 'n_layers': 6, 'batch_size': 64}. Best is trial 71 with value: 0.005670638848096132.
[I 2023-08-03 21:37:18,629] Trial 159 finished with value: 0.043563418090343475 and parameters: {'lr': 0.0023221930589714117, 'hidden_dim': 177, 'n_layers': 7, 'batch_size': 256}. Best is trial 71 with value: 0.005670638848096132.
Early stopping...
[I 2023-08-03 21:41:18,147] Trial 160 finished with value: 0.042198982834815976 and parameters: {'lr': 0.011888744483243941, 'hidden_dim': 159, 'n_layers': 6, 'batch_size': 64}. Best is trial 71 with value: 0.005670638848096132.
Early stopping...
[I 2023-08-03 21:57:47,105] Trial 161 finished with value: 0.005801234766840935 and parameters: {'lr': 0.0013993592001437208, 'hidden_dim': 188, 'n_layers': 6, 'batch_size': 64}. Best is trial 71 with value: 0.005670638848096132.
[I 2023-08-03 22:13:06,826] Trial 162 finished with value: 0.005941393319517374 and parameters: {'lr': 0.0015224229773614798, 'hidden_dim': 190, 'n_layers': 6, 'batch_size': 64}. Best is trial 71 with value: 0.005670638848096132.
Early stopping...
[I 2023-08-03 22:27:24,621] Trial 163 finished with value: 0.005853090807795525 and parameters: {'lr': 0.0013462571345883904, 'hidden_dim': 184, 'n_layers': 6, 'batch_size': 64}. Best is trial 71 with value: 0.005670638848096132.
Early stopping...
[I 2023-08-03 22:30:47,349] Trial 164 finished with value: 0.04213640093803406 and parameters: {'lr': 0.0018444196094744866, 'hidden_dim': 180, 'n_layers': 6, 'batch_size': 64}. Best is trial 71 with value: 0.005670638848096132.
Early stopping...
[I 2023-08-03 22:47:18,319] Trial 165 finished with value: 0.0059001980349421505 and parameters: {'lr': 0.0007757980127646117, 'hidden_dim': 187, 'n_layers': 6, 'batch_size': 64}. Best is trial 71 with value: 0.005670638848096132.
[I 2023-08-03 22:58:28,089] Trial 166 finished with value: 0.005808116216212511 and parameters: {'lr': 0.003411906803670455, 'hidden_dim': 111, 'n_layers': 6, 'batch_size': 64}. Best is trial 71 with value: 0.005670638848096132.
[I 2023-08-03 23:04:17,992] Trial 167 finished with value: 0.007674913015216589 and parameters: {'lr': 0.0010281420886354537, 'hidden_dim': 110, 'n_layers': 6, 'batch_size': 64}. Best is trial 71 with value: 0.005670638848096132.
Early stopping...
[I 2023-08-03 23:14:04,672] Trial 168 finished with value: 0.006988607905805111 and parameters: {'lr': 0.0033855596858178402, 'hidden_dim': 163, 'n_layers': 6, 'batch_size': 64}. Best is trial 71 with value: 0.005670638848096132.
Early stopping...
[I 2023-08-03 23:24:58,398] Trial 169 finished with value: 0.005816149804741144 and parameters: {'lr': 0.0020436164414774608, 'hidden_dim': 106, 'n_layers': 6, 'batch_size': 64}. Best is trial 71 with value: 0.005670638848096132.
[I 2023-08-03 23:31:50,990] Trial 170 finished with value: 0.00715194009244442 and parameters: {'lr': 0.0025483297717699884, 'hidden_dim': 176, 'n_layers': 6, 'batch_size': 64}. Best is trial 71 with value: 0.005670638848096132.
Early stopping...
[I 2023-08-03 23:47:02,763] Trial 171 finished with value: 0.006218916084617376 and parameters: {'lr': 0.0012143995543572868, 'hidden_dim': 170, 'n_layers': 7, 'batch_size': 64}. Best is trial 71 with value: 0.005670638848096132.
Early stopping...
[I 2023-08-03 23:56:55,331] Trial 172 finished with value: 0.00734409565726916 and parameters: {'lr': 0.0017428330353961644, 'hidden_dim': 114, 'n_layers': 7, 'batch_size': 128}. Best is trial 71 with value: 0.005670638848096132.
Early stopping...
[I 2023-08-04 00:12:45,375] Trial 173 finished with value: 0.006080518383532763 and parameters: {'lr': 0.004938675204134821, 'hidden_dim': 199, 'n_layers': 6, 'batch_size': 64}. Best is trial 71 with value: 0.005670638848096132.
Early stopping...
[I 2023-08-04 00:22:43,193] Trial 174 finished with value: 0.0059939584694802765 and parameters: {'lr': 0.00327609203062169, 'hidden_dim': 118, 'n_layers': 6, 'batch_size': 64}. Best is trial 71 with value: 0.005670638848096132.
Early stopping...
[I 2023-08-04 00:33:11,142] Trial 175 finished with value: 0.00587803777307272 and parameters: {'lr': 0.004081150698100444, 'hidden_dim': 99, 'n_layers': 6, 'batch_size': 64}. Best is trial 71 with value: 0.005670638848096132.
[I 2023-08-04 00:45:35,101] Trial 176 finished with value: 0.005760757531970739 and parameters: {'lr': 0.005339439214998141, 'hidden_dim': 132, 'n_layers': 6, 'batch_size': 64}. Best is trial 71 with value: 0.005670638848096132.
[I 2023-08-04 00:47:17,076] Trial 177 finished with value: 0.041744128614664075 and parameters: {'lr': 0.005457770045540052, 'hidden_dim': 134, 'n_layers': 6, 'batch_size': 64}. Best is trial 71 with value: 0.005670638848096132.
Early stopping...
[I 2023-08-04 01:01:43,747] Trial 178 finished with value: 0.0068929273635149006 and parameters: {'lr': 0.006866795872035267, 'hidden_dim': 154, 'n_layers': 6, 'batch_size': 64}. Best is trial 71 with value: 0.005670638848096132.
[I 2023-08-04 01:13:44,862] Trial 179 finished with value: 0.005766707565635442 and parameters: {'lr': 0.002323573486559719, 'hidden_dim': 128, 'n_layers': 6, 'batch_size': 64}. Best is trial 71 with value: 0.005670638848096132.
[I 2023-08-04 01:20:46,323] Trial 180 finished with value: 0.0074112570844590666 and parameters: {'lr': 0.0014069090206475796, 'hidden_dim': 129, 'n_layers': 6, 'batch_size': 64}. Best is trial 71 with value: 0.005670638848096132.
Early stopping...
[I 2023-08-04 01:22:41,338] Trial 181 finished with value: 0.042310185730457306 and parameters: {'lr': 0.002248937727551836, 'hidden_dim': 132, 'n_layers': 6, 'batch_size': 64}. Best is trial 71 with value: 0.005670638848096132.
Early stopping...
[I 2023-08-04 01:32:47,759] Trial 182 finished with value: 0.0060815256088972095 and parameters: {'lr': 0.002785250904890479, 'hidden_dim': 139, 'n_layers': 5, 'batch_size': 64}. Best is trial 71 with value: 0.005670638848096132.
Early stopping...
[I 2023-08-04 01:36:04,988] Trial 183 finished with value: 0.04215084835886955 and parameters: {'lr': 0.0017874113082667652, 'hidden_dim': 148, 'n_layers': 6, 'batch_size': 64}. Best is trial 71 with value: 0.005670638848096132.
Early stopping...
