[I 2023-08-04 01:51:04,301] Trial 184 finished with value: 0.0063768626190721985 and parameters: {'lr': 0.0034206762877960796, 'hidden_dim': 165, 'n_layers': 6, 'batch_size': 64}. Best is trial 71 with value: 0.005670638848096132.
Early stopping...
[I 2023-08-04 02:02:51,841] Trial 185 finished with value: 0.005690151732414961 and parameters: {'lr': 0.0022655482453251574, 'hidden_dim': 123, 'n_layers': 6, 'batch_size': 64}. Best is trial 71 with value: 0.005670638848096132.
[I 2023-08-04 02:14:40,723] Trial 186 finished with value: 0.005828468967229128 and parameters: {'lr': 0.002226844538530001, 'hidden_dim': 124, 'n_layers': 6, 'batch_size': 64}. Best is trial 71 with value: 0.005670638848096132.
[I 2023-08-04 02:26:28,603] Trial 187 finished with value: 0.005757664050906897 and parameters: {'lr': 0.001488509357683124, 'hidden_dim': 124, 'n_layers': 6, 'batch_size': 64}. Best is trial 71 with value: 0.005670638848096132.
[I 2023-08-04 02:38:30,937] Trial 188 finished with value: 0.0058537892997264866 and parameters: {'lr': 0.0018986014968919334, 'hidden_dim': 127, 'n_layers': 6, 'batch_size': 64}. Best is trial 71 with value: 0.005670638848096132.
[I 2023-08-04 02:50:17,856] Trial 189 finished with value: 0.005668570380657911 and parameters: {'lr': 0.002699000232531622, 'hidden_dim': 122, 'n_layers': 6, 'batch_size': 64}. Best is trial 189 with value: 0.005668570380657911.
[I 2023-08-04 03:00:13,940] Trial 190 finished with value: 0.006120869237929582 and parameters: {'lr': 0.0025098219335560248, 'hidden_dim': 119, 'n_layers': 6, 'batch_size': 64}. Best is trial 189 with value: 0.005668570380657911.
Early stopping...
[I 2023-08-04 03:10:55,645] Trial 191 finished with value: 0.007621869677677751 and parameters: {'lr': 0.0016216469110670805, 'hidden_dim': 131, 'n_layers': 6, 'batch_size': 256}. Best is trial 189 with value: 0.005668570380657911.
[I 2023-08-04 03:21:49,774] Trial 192 finished with value: 0.0063242754898965355 and parameters: {'lr': 0.0010106546520251343, 'hidden_dim': 123, 'n_layers': 6, 'batch_size': 64}. Best is trial 189 with value: 0.005668570380657911.
Early stopping...
[I 2023-08-04 03:24:05,148] Trial 193 finished with value: 0.04218582659959793 and parameters: {'lr': 0.008574817631257984, 'hidden_dim': 122, 'n_layers': 6, 'batch_size': 64}. Best is trial 189 with value: 0.005668570380657911.
Early stopping...
[I 2023-08-04 03:25:36,455] Trial 194 finished with value: 0.04229545593261719 and parameters: {'lr': 0.0027225504065879766, 'hidden_dim': 127, 'n_layers': 6, 'batch_size': 64}. Best is trial 189 with value: 0.005668570380657911.
Early stopping...
[I 2023-08-04 03:31:42,722] Trial 195 finished with value: 0.007172917388379574 and parameters: {'lr': 0.002036663048413541, 'hidden_dim': 129, 'n_layers': 6, 'batch_size': 64}. Best is trial 189 with value: 0.005668570380657911.
Early stopping...
[I 2023-08-04 03:35:08,624] Trial 196 finished with value: 0.04228382706642151 and parameters: {'lr': 0.004546976644183321, 'hidden_dim': 117, 'n_layers': 6, 'batch_size': 64}. Best is trial 189 with value: 0.005668570380657911.
Early stopping...
[I 2023-08-04 03:43:22,628] Trial 197 finished with value: 0.00661440696567297 and parameters: {'lr': 0.0028389327420600802, 'hidden_dim': 159, 'n_layers': 6, 'batch_size': 64}. Best is trial 189 with value: 0.005668570380657911.
Early stopping...
[I 2023-08-04 03:45:29,082] Trial 198 finished with value: 0.04203647971153259 and parameters: {'lr': 0.005745462181156096, 'hidden_dim': 120, 'n_layers': 6, 'batch_size': 64}. Best is trial 189 with value: 0.005668570380657911.
Early stopping...
[I 2023-08-04 03:48:22,664] Trial 199 finished with value: 0.04222212955355644 and parameters: {'lr': 0.0015967056836299785, 'hidden_dim': 135, 'n_layers': 6, 'batch_size': 64}. Best is trial 189 with value: 0.005668570380657911.
Early stopping...
[I 2023-08-04 03:58:26,960] Trial 200 finished with value: 0.006461083795875311 and parameters: {'lr': 0.0021675170104968975, 'hidden_dim': 170, 'n_layers': 6, 'batch_size': 64}. Best is trial 189 with value: 0.005668570380657911.
Early stopping...
[I 2023-08-04 04:00:23,399] Trial 201 finished with value: 0.04226614311337471 and parameters: {'lr': 0.003822659879026839, 'hidden_dim': 113, 'n_layers': 6, 'batch_size': 64}. Best is trial 189 with value: 0.005668570380657911.
Early stopping...
[I 2023-08-04 04:09:20,268] Trial 202 finished with value: 0.006503337062895298 and parameters: {'lr': 0.0012307869989634016, 'hidden_dim': 126, 'n_layers': 6, 'batch_size': 64}. Best is trial 189 with value: 0.005668570380657911.
Early stopping...
[I 2023-08-04 04:11:56,470] Trial 203 finished with value: 0.042590213318665825 and parameters: {'lr': 0.0029962311763200174, 'hidden_dim': 169, 'n_layers': 8, 'batch_size': 128}. Best is trial 189 with value: 0.005668570380657911.
Early stopping...
[I 2023-08-04 04:29:33,194] Trial 204 finished with value: 0.0057004870846867565 and parameters: {'lr': 0.001405752802226757, 'hidden_dim': 193, 'n_layers': 6, 'batch_size': 64}. Best is trial 189 with value: 0.005668570380657911.
[I 2023-08-04 04:41:27,468] Trial 205 finished with value: 0.005850523244589567 and parameters: {'lr': 0.0014914110889375693, 'hidden_dim': 123, 'n_layers': 6, 'batch_size': 64}. Best is trial 189 with value: 0.005668570380657911.
[I 2023-08-04 04:49:44,086] Trial 206 finished with value: 0.007357439957559109 and parameters: {'lr': 0.001839082446754348, 'hidden_dim': 163, 'n_layers': 6, 'batch_size': 64}. Best is trial 189 with value: 0.005668570380657911.
Early stopping...
[I 2023-08-04 05:02:47,009] Trial 207 finished with value: 0.0059909259900450705 and parameters: {'lr': 0.0012247481437208713, 'hidden_dim': 143, 'n_layers': 6, 'batch_size': 64}. Best is trial 189 with value: 0.005668570380657911.
[I 2023-08-04 05:18:48,348] Trial 208 finished with value: 0.005798082053661347 and parameters: {'lr': 0.002469157134456258, 'hidden_dim': 178, 'n_layers': 6, 'batch_size': 64}. Best is trial 189 with value: 0.005668570380657911.
[I 2023-08-04 05:36:30,805] Trial 209 finished with value: 0.005886379349976778 and parameters: {'lr': 0.00468402552813669, 'hidden_dim': 194, 'n_layers': 6, 'batch_size': 64}. Best is trial 189 with value: 0.005668570380657911.
[I 2023-08-04 05:53:16,768] Trial 210 finished with value: 0.006065425928682089 and parameters: {'lr': 0.0009013651769082949, 'hidden_dim': 157, 'n_layers': 7, 'batch_size': 64}. Best is trial 189 with value: 0.005668570380657911.
[I 2023-08-04 06:09:07,072] Trial 211 finished with value: 0.005687162559479475 and parameters: {'lr': 0.001990510714680712, 'hidden_dim': 173, 'n_layers': 6, 'batch_size': 64}. Best is trial 189 with value: 0.005668570380657911.
[I 2023-08-04 06:24:42,832] Trial 212 finished with value: 0.005932988785207272 and parameters: {'lr': 0.0017524345873371349, 'hidden_dim': 172, 'n_layers': 6, 'batch_size': 64}. Best is trial 189 with value: 0.005668570380657911.
[I 2023-08-04 06:40:56,128] Trial 213 finished with value: 0.0056933719664812085 and parameters: {'lr': 0.001427024109242697, 'hidden_dim': 180, 'n_layers': 6, 'batch_size': 64}. Best is trial 189 with value: 0.005668570380657911.
[I 2023-08-04 06:48:39,532] Trial 214 finished with value: 0.007137696351855993 and parameters: {'lr': 0.0014235981296678321, 'hidden_dim': 174, 'n_layers': 6, 'batch_size': 64}. Best is trial 189 with value: 0.005668570380657911.
Early stopping...
[I 2023-08-04 06:58:10,316] Trial 215 finished with value: 0.006800585240125656 and parameters: {'lr': 0.0011169918890994268, 'hidden_dim': 182, 'n_layers': 6, 'batch_size': 64}. Best is trial 189 with value: 0.005668570380657911.
Early stopping...
[I 2023-08-04 07:01:39,122] Trial 216 finished with value: 0.04226730242371559 and parameters: {'lr': 0.0020313770966582647, 'hidden_dim': 179, 'n_layers': 6, 'batch_size': 64}. Best is trial 189 with value: 0.005668570380657911.
Early stopping...
[I 2023-08-04 07:17:35,450] Trial 217 finished with value: 0.005695979110896587 and parameters: {'lr': 0.002308978774995225, 'hidden_dim': 175, 'n_layers': 6, 'batch_size': 64}. Best is trial 189 with value: 0.005668570380657911.
[I 2023-08-04 07:26:03,790] Trial 218 finished with value: 0.006767977122217416 and parameters: {'lr': 0.001696870552431932, 'hidden_dim': 184, 'n_layers': 6, 'batch_size': 64}. Best is trial 189 with value: 0.005668570380657911.
Early stopping...
[I 2023-08-04 07:35:43,456] Trial 219 finished with value: 0.006628182716667652 and parameters: {'lr': 0.0013222449210564078, 'hidden_dim': 176, 'n_layers': 6, 'batch_size': 64}. Best is trial 189 with value: 0.005668570380657911.
Early stopping...
[I 2023-08-04 07:37:38,747] Trial 220 finished with value: 0.04228482693433762 and parameters: {'lr': 0.0024081509581349364, 'hidden_dim': 168, 'n_layers': 6, 'batch_size': 64}. Best is trial 189 with value: 0.005668570380657911.
Early stopping...
[I 2023-08-04 07:54:57,209] Trial 221 finished with value: 0.005697099957615137 and parameters: {'lr': 0.0020569941285921963, 'hidden_dim': 206, 'n_layers': 6, 'batch_size': 64}. Best is trial 189 with value: 0.005668570380657911.
Early stopping...
[I 2023-08-04 08:11:56,772] Trial 222 finished with value: 0.005824658647179603 and parameters: {'lr': 0.001551342945296351, 'hidden_dim': 191, 'n_layers': 6, 'batch_size': 64}. Best is trial 189 with value: 0.005668570380657911.
[I 2023-08-04 08:31:26,465] Trial 223 finished with value: 0.005666480958461761 and parameters: {'lr': 0.002029174836905204, 'hidden_dim': 218, 'n_layers': 6, 'batch_size': 64}. Best is trial 223 with value: 0.005666480958461761.
[I 2023-08-04 08:45:51,766] Trial 224 finished with value: 0.005847779754549265 and parameters: {'lr': 0.001991570038436308, 'hidden_dim': 212, 'n_layers': 6, 'batch_size': 64}. Best is trial 223 with value: 0.005666480958461761.
Early stopping...
[I 2023-08-04 09:05:40,234] Trial 225 finished with value: 0.005719916615635157 and parameters: {'lr': 0.0019444599585557686, 'hidden_dim': 224, 'n_layers': 6, 'batch_size': 64}. Best is trial 223 with value: 0.005666480958461761.
[I 2023-08-04 09:25:53,032] Trial 226 finished with value: 0.005859561637043953 and parameters: {'lr': 0.0019032655166196823, 'hidden_dim': 227, 'n_layers': 6, 'batch_size': 64}. Best is trial 223 with value: 0.005666480958461761.
[I 2023-08-04 09:29:22,192] Trial 227 finished with value: 0.0418828509747982 and parameters: {'lr': 0.002297943236053398, 'hidden_dim': 221, 'n_layers': 6, 'batch_size': 64}. Best is trial 223 with value: 0.005666480958461761.
Early stopping...
[I 2023-08-04 09:37:59,375] Trial 228 finished with value: 0.006953637953847647 and parameters: {'lr': 0.002335933414945276, 'hidden_dim': 206, 'n_layers': 6, 'batch_size': 64}. Best is trial 223 with value: 0.005666480958461761.
Early stopping...
[I 2023-08-04 09:58:05,519] Trial 229 finished with value: 0.005746256187558174 and parameters: {'lr': 0.001625399112349314, 'hidden_dim': 242, 'n_layers': 6, 'batch_size': 64}. Best is trial 223 with value: 0.005666480958461761.
Early stopping...
[I 2023-08-04 10:17:23,234] Trial 230 finished with value: 0.00575923016294837 and parameters: {'lr': 0.001594826871455056, 'hidden_dim': 216, 'n_layers': 6, 'batch_size': 64}. Best is trial 223 with value: 0.005666480958461761.
[I 2023-08-04 10:34:03,868] Trial 231 finished with value: 0.005841233488172293 and parameters: {'lr': 0.0015723351208393884, 'hidden_dim': 236, 'n_layers': 6, 'batch_size': 64}. Best is trial 223 with value: 0.005666480958461761.
Early stopping...
[I 2023-08-04 10:53:40,348] Trial 232 finished with value: 0.006936128018423915 and parameters: {'lr': 0.0012416821242240918, 'hidden_dim': 255, 'n_layers': 6, 'batch_size': 256}. Best is trial 223 with value: 0.005666480958461761.
[I 2023-08-04 11:13:21,004] Trial 233 finished with value: 0.0057458457536995414 and parameters: {'lr': 0.0018159364184739764, 'hidden_dim': 217, 'n_layers': 6, 'batch_size': 64}. Best is trial 223 with value: 0.005666480958461761.
[I 2023-08-04 11:17:46,321] Trial 234 finished with value: 0.04227965474128723 and parameters: {'lr': 0.0017524220387637227, 'hidden_dim': 219, 'n_layers': 6, 'batch_size': 64}. Best is trial 223 with value: 0.005666480958461761.
Early stopping...
[I 2023-08-04 11:31:21,427] Trial 235 finished with value: 0.006338339112699032 and parameters: {'lr': 0.0015247465807776788, 'hidden_dim': 230, 'n_layers': 6, 'batch_size': 64}. Best is trial 223 with value: 0.005666480958461761.
Early stopping...
[I 2023-08-04 11:50:59,527] Trial 236 finished with value: 0.0057371540926396845 and parameters: {'lr': 0.0019994923042872853, 'hidden_dim': 216, 'n_layers': 6, 'batch_size': 64}. Best is trial 223 with value: 0.005666480958461761.
[I 2023-08-04 11:53:30,839] Trial 237 finished with value: 0.042361125349998474 and parameters: {'lr': 0.0018559482141342109, 'hidden_dim': 215, 'n_layers': 6, 'batch_size': 64}. Best is trial 223 with value: 0.005666480958461761.
Early stopping...
[I 2023-08-04 12:10:35,093] Trial 238 finished with value: 0.006107848137617111 and parameters: {'lr': 0.0010328682644417783, 'hidden_dim': 217, 'n_layers': 6, 'batch_size': 64}. Best is trial 223 with value: 0.005666480958461761.
Early stopping...
[I 2023-08-04 12:13:41,424] Trial 239 finished with value: 0.042289452999830245 and parameters: {'lr': 0.0013814517862366566, 'hidden_dim': 224, 'n_layers': 6, 'batch_size': 64}. Best is trial 223 with value: 0.005666480958461761.
Early stopping...
[I 2023-08-04 12:33:14,182] Trial 240 finished with value: 0.01698194146156311 and parameters: {'lr': 1.6770444748762172e-05, 'hidden_dim': 205, 'n_layers': 6, 'batch_size': 64}. Best is trial 223 with value: 0.005666480958461761.
[I 2023-08-04 12:52:52,115] Trial 241 finished with value: 0.005856562033295631 and parameters: {'lr': 0.0017183979964212556, 'hidden_dim': 211, 'n_layers': 6, 'batch_size': 64}. Best is trial 223 with value: 0.005666480958461761.
Early stopping...
[I 2023-08-04 13:10:56,230] Trial 242 finished with value: 0.005705912970006466 and parameters: {'lr': 0.0020425116005442167, 'hidden_dim': 214, 'n_layers': 6, 'batch_size': 64}. Best is trial 223 with value: 0.005666480958461761.
Early stopping...
[I 2023-08-04 13:14:35,819] Trial 243 finished with value: 0.04235835298895836 and parameters: {'lr': 0.002078825490373023, 'hidden_dim': 213, 'n_layers': 9, 'batch_size': 64}. Best is trial 223 with value: 0.005666480958461761.
Early stopping...
[I 2023-08-04 13:33:05,908] Trial 244 finished with value: 0.005721479374915362 and parameters: {'lr': 0.0018722307206401059, 'hidden_dim': 221, 'n_layers': 6, 'batch_size': 64}. Best is trial 223 with value: 0.005666480958461761.
Early stopping...
[I 2023-08-04 13:36:09,499] Trial 245 finished with value: 0.04221824705600739 and parameters: {'lr': 0.0015564873387786677, 'hidden_dim': 243, 'n_layers': 6, 'batch_size': 64}. Best is trial 223 with value: 0.005666480958461761.
Early stopping...
[I 2023-08-04 13:52:50,824] Trial 246 finished with value: 0.005783881805837154 and parameters: {'lr': 0.0019601615947721024, 'hidden_dim': 222, 'n_layers': 6, 'batch_size': 64}. Best is trial 223 with value: 0.005666480958461761.
Early stopping...
[I 2023-08-04 14:06:33,179] Trial 247 finished with value: 0.006353193614631891 and parameters: {'lr': 0.001190222454600133, 'hidden_dim': 218, 'n_layers': 6, 'batch_size': 64}. Best is trial 223 with value: 0.005666480958461761.
Early stopping...
[I 2023-08-04 14:09:41,096] Trial 248 finished with value: 0.04227309674024582 and parameters: {'lr': 0.0018894581566040913, 'hidden_dim': 226, 'n_layers': 6, 'batch_size': 64}. Best is trial 223 with value: 0.005666480958461761.
Early stopping...
[I 2023-08-04 14:28:52,500] Trial 249 finished with value: 0.005696064606308937 and parameters: {'lr': 0.0014377958608887411, 'hidden_dim': 210, 'n_layers': 6, 'batch_size': 64}. Best is trial 223 with value: 0.005666480958461761.
[I 2023-08-04 14:32:26,987] Trial 250 finished with value: 0.04235139116644859 and parameters: {'lr': 0.0014077122349466695, 'hidden_dim': 208, 'n_layers': 6, 'batch_size': 64}. Best is trial 223 with value: 0.005666480958461761.
Early stopping...
[I 2023-08-04 14:40:46,165] Trial 251 finished with value: 0.007527965866029262 and parameters: {'lr': 0.0016086355051841395, 'hidden_dim': 216, 'n_layers': 6, 'batch_size': 64}. Best is trial 223 with value: 0.005666480958461761.
Early stopping...
[I 2023-08-04 14:58:11,051] Trial 252 finished with value: 0.005762714985758066 and parameters: {'lr': 0.002073685902916914, 'hidden_dim': 221, 'n_layers': 6, 'batch_size': 64}. Best is trial 223 with value: 0.005666480958461761.
Early stopping...
[I 2023-08-04 15:13:27,670] Trial 253 finished with value: 0.00599663183093071 and parameters: {'lr': 0.0012359204086862892, 'hidden_dim': 214, 'n_layers': 6, 'batch_size': 64}. Best is trial 223 with value: 0.005666480958461761.
Early stopping...
[I 2023-08-04 15:16:14,610] Trial 254 finished with value: 0.04275987669825554 and parameters: {'lr': 0.0016905773069140402, 'hidden_dim': 203, 'n_layers': 6, 'batch_size': 128}. Best is trial 223 with value: 0.005666480958461761.
Early stopping...
[I 2023-08-04 15:33:27,370] Trial 255 finished with value: 0.005686458386480808 and parameters: {'lr': 0.0026006206459601435, 'hidden_dim': 219, 'n_layers': 5, 'batch_size': 64}. Best is trial 223 with value: 0.005666480958461761.
Early stopping...
[I 2023-08-04 15:42:51,738] Trial 256 finished with value: 0.006734029669314623 and parameters: {'lr': 0.0025785208065587234, 'hidden_dim': 229, 'n_layers': 5, 'batch_size': 64}. Best is trial 223 with value: 0.005666480958461761.
Early stopping...
[I 2023-08-04 15:45:19,244] Trial 257 finished with value: 0.04223306998610497 and parameters: {'lr': 0.0026306974346815303, 'hidden_dim': 234, 'n_layers': 5, 'batch_size': 64}. Best is trial 223 with value: 0.005666480958461761.
Early stopping...
[I 2023-08-04 15:58:56,241] Trial 258 finished with value: 0.006298517156392336 and parameters: {'lr': 0.0024804070636790555, 'hidden_dim': 223, 'n_layers': 5, 'batch_size': 64}. Best is trial 223 with value: 0.005666480958461761.
Early stopping...
[I 2023-08-04 16:01:39,444] Trial 259 finished with value: 0.04225378856062889 and parameters: {'lr': 0.002057398833892459, 'hidden_dim': 208, 'n_layers': 6, 'batch_size': 64}. Best is trial 223 with value: 0.005666480958461761.
Early stopping...
[I 2023-08-04 16:17:34,653] Trial 260 finished with value: 0.005863117426633835 and parameters: {'lr': 0.0009787317686161025, 'hidden_dim': 219, 'n_layers': 5, 'batch_size': 64}. Best is trial 223 with value: 0.005666480958461761.
Early stopping...
[I 2023-08-04 16:32:49,807] Trial 261 finished with value: 0.0057343215681612495 and parameters: {'lr': 0.0013817986067716577, 'hidden_dim': 245, 'n_layers': 5, 'batch_size': 64}. Best is trial 223 with value: 0.005666480958461761.
Early stopping...
[I 2023-08-04 16:45:48,539] Trial 262 finished with value: 0.006375324260443449 and parameters: {'lr': 0.002280037430754785, 'hidden_dim': 251, 'n_layers': 5, 'batch_size': 64}. Best is trial 223 with value: 0.005666480958461761.
Early stopping...
[I 2023-08-04 17:04:47,239] Trial 263 finished with value: 0.0057527681812644 and parameters: {'lr': 0.0018789062070195225, 'hidden_dim': 248, 'n_layers': 5, 'batch_size': 64}. Best is trial 223 with value: 0.005666480958461761.
Early stopping...
[I 2023-08-04 17:07:16,538] Trial 264 finished with value: 0.04440614804625511 and parameters: {'lr': 0.05468951123085991, 'hidden_dim': 213, 'n_layers': 5, 'batch_size': 64}. Best is trial 223 with value: 0.005666480958461761.
Early stopping...
[I 2023-08-04 17:24:39,913] Trial 265 finished with value: 0.0058276760391891 and parameters: {'lr': 0.002816825891092665, 'hidden_dim': 247, 'n_layers': 5, 'batch_size': 64}. Best is trial 223 with value: 0.005666480958461761.
Early stopping...
[I 2023-08-04 17:41:57,727] Trial 266 finished with value: 0.007619546260684729 and parameters: {'lr': 0.0018438143737526504, 'hidden_dim': 241, 'n_layers': 5, 'batch_size': 256}. Best is trial 223 with value: 0.005666480958461761.
[I 2023-08-04 17:57:30,613] Trial 267 finished with value: 0.005639907717704773 and parameters: {'lr': 0.0013304464686139286, 'hidden_dim': 240, 'n_layers': 5, 'batch_size': 64}. Best is trial 267 with value: 0.005639907717704773.
Early stopping...
[I 2023-08-04 18:17:33,069] Trial 268 finished with value: 0.005682286899536848 and parameters: {'lr': 0.001190798968430912, 'hidden_dim': 249, 'n_layers': 5, 'batch_size': 64}. Best is trial 267 with value: 0.005639907717704773.
[I 2023-08-04 18:34:52,308] Trial 269 finished with value: 0.005722340103238821 and parameters: {'lr': 0.0010579350700080225, 'hidden_dim': 249, 'n_layers': 5, 'batch_size': 64}. Best is trial 267 with value: 0.005639907717704773.
Early stopping...
[I 2023-08-04 18:45:43,126] Trial 270 finished with value: 0.006941753719002008 and parameters: {'lr': 0.0008733906391055987, 'hidden_dim': 248, 'n_layers': 5, 'batch_size': 64}. Best is trial 267 with value: 0.005639907717704773.
Early stopping...
[I 2023-08-04 19:04:09,937] Trial 271 finished with value: 0.005709845758974552 and parameters: {'lr': 0.0006581636337495538, 'hidden_dim': 238, 'n_layers': 5, 'batch_size': 64}. Best is trial 267 with value: 0.005639907717704773.
[I 2023-08-04 19:22:08,792] Trial 272 finished with value: 0.005942676961421966 and parameters: {'lr': 0.0006086585055730389, 'hidden_dim': 252, 'n_layers': 5, 'batch_size': 64}. Best is trial 267 with value: 0.005639907717704773.
Early stopping...
[I 2023-08-04 19:39:28,867] Trial 273 finished with value: 0.005889771413058043 and parameters: {'lr': 0.0008975780709726355, 'hidden_dim': 244, 'n_layers': 5, 'batch_size': 64}. Best is trial 267 with value: 0.005639907717704773.
Early stopping...
