[I 2023-08-02 21:31:20,154] A new study created in memory with name: no-name-225b8118-3e23-4c45-b5c2-bb41ee9a5ef1
[I 2023-08-02 21:35:46,981] Trial 3 finished with value: 0.043240565806627274 and parameters: {'lr': 0.04351544612509742, 'hidden_dim': 73, 'n_layers': 8, 'batch_size': 256}. Best is trial 3 with value: 0.043240565806627274.
Early stopping...
[I 2023-08-02 21:45:17,842] Trial 0 finished with value: 0.04447728618979454 and parameters: {'lr': 0.019820895782777688, 'hidden_dim': 237, 'n_layers': 9, 'batch_size': 64}. Best is trial 3 with value: 0.043240565806627274.
Early stopping...
[I 2023-08-02 21:48:30,953] Trial 5 finished with value: 0.04351972974836826 and parameters: {'lr': 0.002940372001556338, 'hidden_dim': 135, 'n_layers': 5, 'batch_size': 256}. Best is trial 3 with value: 0.043240565806627274.
Early stopping...
[I 2023-08-02 22:03:30,544] Trial 1 finished with value: 0.009065539110451937 and parameters: {'lr': 0.00045576473018882016, 'hidden_dim': 158, 'n_layers': 9, 'batch_size': 256}. Best is trial 1 with value: 0.009065539110451937.
[I 2023-08-02 22:03:49,188] Trial 4 finished with value: 0.0070662349462509155 and parameters: {'lr': 0.0008239836578291045, 'hidden_dim': 185, 'n_layers': 5, 'batch_size': 128}. Best is trial 4 with value: 0.0070662349462509155.
[I 2023-08-02 22:08:37,133] Trial 6 finished with value: 0.012473579961806536 and parameters: {'lr': 0.00011520583476157085, 'hidden_dim': 149, 'n_layers': 5, 'batch_size': 256}. Best is trial 4 with value: 0.0070662349462509155.
[I 2023-08-02 22:29:48,086] Trial 9 finished with value: 0.009596218665440878 and parameters: {'lr': 0.0003957441518329783, 'hidden_dim': 70, 'n_layers': 9, 'batch_size': 128}. Best is trial 4 with value: 0.0070662349462509155.
[I 2023-08-02 22:40:03,022] Trial 10 finished with value: 0.042191281914711 and parameters: {'lr': 0.010800621537813712, 'hidden_dim': 123, 'n_layers': 8, 'batch_size': 64}. Best is trial 4 with value: 0.0070662349462509155.
Early stopping...
[I 2023-08-02 22:45:15,052] Trial 7 finished with value: 0.007237342884764075 and parameters: {'lr': 0.0017835020023132314, 'hidden_dim': 256, 'n_layers': 7, 'batch_size': 256}. Best is trial 4 with value: 0.0070662349462509155.
[I 2023-08-02 22:50:57,472] Trial 8 finished with value: 0.007211062281082074 and parameters: {'lr': 0.0040093649062950066, 'hidden_dim': 207, 'n_layers': 9, 'batch_size': 128}. Best is trial 4 with value: 0.0070662349462509155.
Early stopping...
[I 2023-08-02 23:07:21,386] Trial 13 finished with value: 0.039515708883603416 and parameters: {'lr': 1.0174729971744444e-05, 'hidden_dim': 200, 'n_layers': 6, 'batch_size': 128}. Best is trial 4 with value: 0.0070662349462509155.
[I 2023-08-02 23:23:51,923] Trial 14 finished with value: 0.00681397117053469 and parameters: {'lr': 0.0057721585627195674, 'hidden_dim': 202, 'n_layers': 6, 'batch_size': 128}. Best is trial 14 with value: 0.00681397117053469.
[I 2023-08-02 23:28:07,214] Trial 15 finished with value: 0.0425876739124457 and parameters: {'lr': 0.07153642530118011, 'hidden_dim': 192, 'n_layers': 6, 'batch_size': 128}. Best is trial 14 with value: 0.00681397117053469.
Early stopping...
[I 2023-08-02 23:34:43,804] Trial 16 finished with value: 0.0074794151199360686 and parameters: {'lr': 0.0072214424328575135, 'hidden_dim': 178, 'n_layers': 6, 'batch_size': 128}. Best is trial 14 with value: 0.00681397117053469.
Early stopping...
[I 2023-08-02 23:50:14,247] Trial 17 finished with value: 0.006530269514769316 and parameters: {'lr': 0.0008638033954800485, 'hidden_dim': 226, 'n_layers': 5, 'batch_size': 128}. Best is trial 17 with value: 0.006530269514769316.
[I 2023-08-02 23:53:26,834] Trial 18 finished with value: 0.042640709628661476 and parameters: {'lr': 0.018759065510165363, 'hidden_dim': 224, 'n_layers': 6, 'batch_size': 128}. Best is trial 17 with value: 0.006530269514769316.
Early stopping...
[I 2023-08-02 23:58:57,339] Trial 19 finished with value: 0.04227050319314003 and parameters: {'lr': 0.0021066799574147033, 'hidden_dim': 231, 'n_layers': 7, 'batch_size': 64}. Best is trial 17 with value: 0.006530269514769316.
Early stopping...
[I 2023-08-03 00:01:36,047] Trial 20 finished with value: 0.042779204746087394 and parameters: {'lr': 0.006946632718025822, 'hidden_dim': 253, 'n_layers': 5, 'batch_size': 128}. Best is trial 17 with value: 0.006530269514769316.
Early stopping...
[I 2023-08-03 00:18:58,134] Trial 21 finished with value: 0.006561105294773976 and parameters: {'lr': 0.0011037599941330857, 'hidden_dim': 216, 'n_layers': 6, 'batch_size': 128}. Best is trial 17 with value: 0.006530269514769316.
[I 2023-08-03 00:39:20,230] Trial 22 finished with value: 0.008569085039198399 and parameters: {'lr': 0.0001482699630895561, 'hidden_dim': 221, 'n_layers': 7, 'batch_size': 128}. Best is trial 17 with value: 0.006530269514769316.
[I 2023-08-03 00:48:23,262] Trial 23 finished with value: 0.00617127139121294 and parameters: {'lr': 0.000981126964790121, 'hidden_dim': 102, 'n_layers': 5, 'batch_size': 64}. Best is trial 23 with value: 0.00617127139121294.
[I 2023-08-03 00:57:27,887] Trial 24 finished with value: 0.006081636529415846 and parameters: {'lr': 0.0011009961353898709, 'hidden_dim': 102, 'n_layers': 5, 'batch_size': 64}. Best is trial 24 with value: 0.006081636529415846.
[I 2023-08-03 01:06:20,300] Trial 25 finished with value: 0.006321048736572266 and parameters: {'lr': 0.0009160694053749295, 'hidden_dim': 98, 'n_layers': 5, 'batch_size': 64}. Best is trial 24 with value: 0.006081636529415846.
[I 2023-08-03 01:12:49,827] Trial 26 finished with value: 0.0066289838403463365 and parameters: {'lr': 0.0024373955578608163, 'hidden_dim': 99, 'n_layers': 5, 'batch_size': 64}. Best is trial 24 with value: 0.006081636529415846.
Early stopping...
[I 2023-08-03 01:21:53,239] Trial 27 finished with value: 0.007320578582584858 and parameters: {'lr': 0.00036393838616625193, 'hidden_dim': 103, 'n_layers': 5, 'batch_size': 64}. Best is trial 24 with value: 0.006081636529415846.
[I 2023-08-03 01:30:18,421] Trial 28 finished with value: 0.006174646131694317 and parameters: {'lr': 0.0013595321525065563, 'hidden_dim': 93, 'n_layers': 5, 'batch_size': 64}. Best is trial 24 with value: 0.006081636529415846.
[I 2023-08-03 01:39:25,713] Trial 29 finished with value: 0.005833767913281917 and parameters: {'lr': 0.003420683521161212, 'hidden_dim': 85, 'n_layers': 6, 'batch_size': 64}. Best is trial 29 with value: 0.005833767913281917.
[I 2023-08-03 01:47:47,931] Trial 30 finished with value: 0.006030414067208767 and parameters: {'lr': 0.0036779618069427934, 'hidden_dim': 115, 'n_layers': 6, 'batch_size': 64}. Best is trial 29 with value: 0.005833767913281917.
Early stopping...
[I 2023-08-03 02:00:38,359] Trial 31 finished with value: 0.0057536551728844644 and parameters: {'lr': 0.0038333617105951526, 'hidden_dim': 119, 'n_layers': 7, 'batch_size': 64}. Best is trial 31 with value: 0.0057536551728844644.
[I 2023-08-03 02:02:57,050] Trial 32 finished with value: 0.04221253171563148 and parameters: {'lr': 0.013160047549171548, 'hidden_dim': 124, 'n_layers': 7, 'batch_size': 64}. Best is trial 31 with value: 0.0057536551728844644.
Early stopping...
[I 2023-08-03 02:06:37,671] Trial 33 finished with value: 0.04211655855178833 and parameters: {'lr': 0.003729660008351048, 'hidden_dim': 123, 'n_layers': 8, 'batch_size': 64}. Best is trial 31 with value: 0.0057536551728844644.
Early stopping...
[I 2023-08-03 02:13:13,541] Trial 34 finished with value: 0.00734132481738925 and parameters: {'lr': 0.0038701738149962603, 'hidden_dim': 81, 'n_layers': 7, 'batch_size': 64}. Best is trial 31 with value: 0.0057536551728844644.
Early stopping...
[I 2023-08-03 02:14:43,108] Trial 35 finished with value: 0.04221080914139748 and parameters: {'lr': 0.029869626092212182, 'hidden_dim': 83, 'n_layers': 6, 'batch_size': 64}. Best is trial 31 with value: 0.0057536551728844644.
Early stopping...
[I 2023-08-03 02:18:52,584] Trial 36 finished with value: 0.04209835529327392 and parameters: {'lr': 0.01134589115485965, 'hidden_dim': 139, 'n_layers': 7, 'batch_size': 64}. Best is trial 31 with value: 0.0057536551728844644.
Early stopping...
[I 2023-08-03 02:30:03,643] Trial 37 finished with value: 0.0057916353456676 and parameters: {'lr': 0.002319706933860001, 'hidden_dim': 113, 'n_layers': 6, 'batch_size': 64}. Best is trial 31 with value: 0.0057536551728844644.
[I 2023-08-03 02:33:43,268] Trial 38 finished with value: 0.042145803570747375 and parameters: {'lr': 0.005296906334494888, 'hidden_dim': 115, 'n_layers': 8, 'batch_size': 64}. Best is trial 31 with value: 0.0057536551728844644.
Early stopping...
[I 2023-08-03 02:36:35,287] Trial 39 finished with value: 0.042327930778265 and parameters: {'lr': 0.0024804141924851357, 'hidden_dim': 159, 'n_layers': 6, 'batch_size': 64}. Best is trial 31 with value: 0.0057536551728844644.
Early stopping...
[I 2023-08-03 02:40:19,950] Trial 40 finished with value: 0.04343825951218605 and parameters: {'lr': 0.022680954818474253, 'hidden_dim': 173, 'n_layers': 7, 'batch_size': 256}. Best is trial 31 with value: 0.0057536551728844644.
Early stopping...
[I 2023-08-03 02:42:00,878] Trial 41 finished with value: 0.04241288900375366 and parameters: {'lr': 0.002019256769137536, 'hidden_dim': 143, 'n_layers': 6, 'batch_size': 64}. Best is trial 31 with value: 0.0057536551728844644.
Early stopping...
[I 2023-08-03 02:49:46,824] Trial 42 finished with value: 0.008088345173746347 and parameters: {'lr': 0.003303557307337959, 'hidden_dim': 64, 'n_layers': 7, 'batch_size': 256}. Best is trial 31 with value: 0.0057536551728844644.
[I 2023-08-03 02:51:37,091] Trial 43 finished with value: 0.042131689935922624 and parameters: {'lr': 0.00961316823564086, 'hidden_dim': 113, 'n_layers': 6, 'batch_size': 64}. Best is trial 31 with value: 0.0057536551728844644.
Early stopping...
[I 2023-08-03 03:00:51,811] Trial 44 finished with value: 0.00631764130666852 and parameters: {'lr': 0.0015672624033645926, 'hidden_dim': 86, 'n_layers': 6, 'batch_size': 64}. Best is trial 31 with value: 0.0057536551728844644.
[I 2023-08-03 03:11:46,010] Trial 45 finished with value: 0.005754243768751621 and parameters: {'lr': 0.004975832516776595, 'hidden_dim': 109, 'n_layers': 6, 'batch_size': 64}. Best is trial 31 with value: 0.0057536551728844644.
[I 2023-08-03 03:13:39,547] Trial 46 finished with value: 0.04233965054154396 and parameters: {'lr': 0.004660364027391074, 'hidden_dim': 129, 'n_layers': 6, 'batch_size': 64}. Best is trial 31 with value: 0.0057536551728844644.
Early stopping...
[I 2023-08-03 03:24:09,739] Trial 47 finished with value: 0.005875749420374632 and parameters: {'lr': 0.006644531338405218, 'hidden_dim': 112, 'n_layers': 6, 'batch_size': 64}. Best is trial 31 with value: 0.0057536551728844644.
Early stopping...
[I 2023-08-03 03:27:35,989] Trial 48 finished with value: 0.04212669581174851 and parameters: {'lr': 0.00790671546151568, 'hidden_dim': 153, 'n_layers': 8, 'batch_size': 64}. Best is trial 31 with value: 0.0057536551728844644.
Early stopping...
[I 2023-08-03 03:37:03,332] Trial 49 finished with value: 0.0075432148296386 and parameters: {'lr': 0.00613199535071632, 'hidden_dim': 111, 'n_layers': 6, 'batch_size': 256}. Best is trial 31 with value: 0.0057536551728844644.
[I 2023-08-03 03:38:29,027] Trial 50 finished with value: 0.04222017377614975 and parameters: {'lr': 0.014856514855123794, 'hidden_dim': 79, 'n_layers': 7, 'batch_size': 64}. Best is trial 31 with value: 0.0057536551728844644.
Early stopping...
[I 2023-08-03 03:40:51,688] Trial 51 finished with value: 0.042296625673770905 and parameters: {'lr': 0.009800510746772871, 'hidden_dim': 131, 'n_layers': 6, 'batch_size': 64}. Best is trial 31 with value: 0.0057536551728844644.
Early stopping...
[I 2023-08-03 03:49:42,001] Trial 52 finished with value: 0.006406178511679172 and parameters: {'lr': 0.002662041076870409, 'hidden_dim': 88, 'n_layers': 7, 'batch_size': 64}. Best is trial 31 with value: 0.0057536551728844644.
Early stopping...
[I 2023-08-03 03:56:43,321] Trial 53 finished with value: 0.006827277969568968 and parameters: {'lr': 0.00554586331598994, 'hidden_dim': 72, 'n_layers': 6, 'batch_size': 64}. Best is trial 31 with value: 0.0057536551728844644.
Early stopping...
[I 2023-08-03 04:03:19,290] Trial 54 finished with value: 0.006796058639883995 and parameters: {'lr': 0.0032786526335950913, 'hidden_dim': 109, 'n_layers': 6, 'batch_size': 64}. Best is trial 31 with value: 0.0057536551728844644.
Early stopping...
[I 2023-08-03 04:14:35,317] Trial 55 finished with value: 0.005813033692538739 and parameters: {'lr': 0.004081371275226761, 'hidden_dim': 117, 'n_layers': 6, 'batch_size': 64}. Best is trial 31 with value: 0.0057536551728844644.
[I 2023-08-03 04:26:07,480] Trial 56 finished with value: 0.00612461743876338 and parameters: {'lr': 0.007954995499080833, 'hidden_dim': 121, 'n_layers': 6, 'batch_size': 64}. Best is trial 31 with value: 0.0057536551728844644.
[I 2023-08-03 04:32:47,179] Trial 57 finished with value: 0.006504931580275297 and parameters: {'lr': 0.004892433453910393, 'hidden_dim': 92, 'n_layers': 6, 'batch_size': 64}. Best is trial 31 with value: 0.0057536551728844644.
Early stopping...
[I 2023-08-03 04:36:26,141] Trial 58 finished with value: 0.04351287521421909 and parameters: {'lr': 0.0018007391189268816, 'hidden_dim': 143, 'n_layers': 7, 'batch_size': 256}. Best is trial 31 with value: 0.0057536551728844644.
Early stopping...
[I 2023-08-03 04:42:13,066] Trial 59 finished with value: 0.04212816134095192 and parameters: {'lr': 0.014787495240719449, 'hidden_dim': 107, 'n_layers': 6, 'batch_size': 64}. Best is trial 31 with value: 0.0057536551728844644.
Early stopping...
[I 2023-08-03 04:46:57,687] Trial 60 finished with value: 0.04223700538277626 and parameters: {'lr': 0.00255794556315806, 'hidden_dim': 130, 'n_layers': 6, 'batch_size': 64}. Best is trial 31 with value: 0.0057536551728844644.
Early stopping...
[I 2023-08-03 04:59:01,385] Trial 61 finished with value: 0.006254443246871233 and parameters: {'lr': 0.0015116099826495103, 'hidden_dim': 94, 'n_layers': 8, 'batch_size': 64}. Best is trial 31 with value: 0.0057536551728844644.
[I 2023-08-03 05:07:12,168] Trial 62 finished with value: 0.006277706194669008 and parameters: {'lr': 0.006608977075432995, 'hidden_dim': 117, 'n_layers': 5, 'batch_size': 64}. Best is trial 31 with value: 0.0057536551728844644.
Early stopping...
[I 2023-08-03 05:09:17,624] Trial 63 finished with value: 0.04223587885499001 and parameters: {'lr': 0.004523140399625865, 'hidden_dim': 135, 'n_layers': 7, 'batch_size': 64}. Best is trial 31 with value: 0.0057536551728844644.
Early stopping...
[I 2023-08-03 05:14:41,410] Trial 64 finished with value: 0.007024081330746413 and parameters: {'lr': 0.00395199863642269, 'hidden_dim': 107, 'n_layers': 6, 'batch_size': 64}. Best is trial 31 with value: 0.0057536551728844644.
Early stopping...
[I 2023-08-03 05:18:48,360] Trial 65 finished with value: 0.04227136224508286 and parameters: {'lr': 0.002817396849946931, 'hidden_dim': 118, 'n_layers': 9, 'batch_size': 64}. Best is trial 31 with value: 0.0057536551728844644.
Early stopping...
[I 2023-08-03 05:33:53,193] Trial 66 finished with value: 0.0057182177901268 and parameters: {'lr': 0.001849911920856599, 'hidden_dim': 167, 'n_layers': 6, 'batch_size': 64}. Best is trial 66 with value: 0.0057182177901268.
[I 2023-08-03 05:49:05,928] Trial 67 finished with value: 0.005695750284940004 and parameters: {'lr': 0.0019405121447581407, 'hidden_dim': 169, 'n_layers': 6, 'batch_size': 64}. Best is trial 67 with value: 0.005695750284940004.
Early stopping...
[I 2023-08-03 05:59:09,005] Trial 68 finished with value: 0.006535744015127421 and parameters: {'lr': 0.0007224352578517611, 'hidden_dim': 168, 'n_layers': 5, 'batch_size': 64}. Best is trial 67 with value: 0.005695750284940004.
Early stopping...
[I 2023-08-03 06:15:17,415] Trial 69 finished with value: 0.005819136835634708 and parameters: {'lr': 0.0018848401969934784, 'hidden_dim': 181, 'n_layers': 6, 'batch_size': 64}. Best is trial 67 with value: 0.005695750284940004.
[I 2023-08-03 06:17:35,669] Trial 70 finished with value: 0.042834822088479996 and parameters: {'lr': 0.0021004532321950847, 'hidden_dim': 194, 'n_layers': 6, 'batch_size': 128}. Best is trial 67 with value: 0.005695750284940004.
Early stopping...
[I 2023-08-03 06:31:38,959] Trial 71 finished with value: 0.005670638848096132 and parameters: {'lr': 0.001374481596283927, 'hidden_dim': 184, 'n_layers': 5, 'batch_size': 64}. Best is trial 71 with value: 0.005670638848096132.
[I 2023-08-03 06:41:28,828] Trial 72 finished with value: 0.008259475231170654 and parameters: {'lr': 0.001116519138669057, 'hidden_dim': 166, 'n_layers': 5, 'batch_size': 256}. Best is trial 71 with value: 0.005670638848096132.
Early stopping...
[I 2023-08-03 06:55:37,959] Trial 73 finished with value: 0.005851443856954575 and parameters: {'lr': 0.0007297492523903206, 'hidden_dim': 187, 'n_layers': 5, 'batch_size': 64}. Best is trial 71 with value: 0.005670638848096132.
[I 2023-08-03 07:04:55,268] Trial 74 finished with value: 0.006390402093529701 and parameters: {'lr': 0.0013576476427655099, 'hidden_dim': 180, 'n_layers': 5, 'batch_size': 64}. Best is trial 71 with value: 0.005670638848096132.
Early stopping...
[I 2023-08-03 07:07:11,294] Trial 75 finished with value: 0.0422656312584877 and parameters: {'lr': 0.0021408646815581607, 'hidden_dim': 152, 'n_layers': 6, 'batch_size': 64}. Best is trial 71 with value: 0.005670638848096132.
Early stopping...
[I 2023-08-03 07:22:52,025] Trial 76 finished with value: 0.005707938503473997 and parameters: {'lr': 0.001970645719279434, 'hidden_dim': 178, 'n_layers': 6, 'batch_size': 64}. Best is trial 71 with value: 0.005670638848096132.
Early stopping...
[I 2023-08-03 07:37:47,056] Trial 77 finished with value: 0.0057435897178947926 and parameters: {'lr': 0.001394152201286067, 'hidden_dim': 166, 'n_layers': 6, 'batch_size': 64}. Best is trial 71 with value: 0.005670638848096132.
Early stopping...
[I 2023-08-03 07:55:04,755] Trial 78 finished with value: 0.005791614763438702 and parameters: {'lr': 0.001362140883409371, 'hidden_dim': 166, 'n_layers': 7, 'batch_size': 64}. Best is trial 71 with value: 0.005670638848096132.
[I 2023-08-03 08:12:25,485] Trial 79 finished with value: 0.006571503449231386 and parameters: {'lr': 0.0005944511097179863, 'hidden_dim': 166, 'n_layers': 7, 'batch_size': 64}. Best is trial 71 with value: 0.005670638848096132.
[I 2023-08-03 08:21:10,258] Trial 80 finished with value: 0.007208808418363332 and parameters: {'lr': 0.0013649577490578732, 'hidden_dim': 174, 'n_layers': 7, 'batch_size': 64}. Best is trial 71 with value: 0.005670638848096132.
Early stopping...
[I 2023-08-03 08:24:08,699] Trial 81 finished with value: 0.04278602947791418 and parameters: {'lr': 0.0011504312697276533, 'hidden_dim': 201, 'n_layers': 8, 'batch_size': 128}. Best is trial 71 with value: 0.005670638848096132.
Early stopping...
[I 2023-08-03 08:43:04,340] Trial 82 finished with value: 0.005934080202132463 and parameters: {'lr': 0.0016088133349338157, 'hidden_dim': 187, 'n_layers': 7, 'batch_size': 64}. Best is trial 71 with value: 0.005670638848096132.
[I 2023-08-03 08:57:02,636] Trial 83 finished with value: 0.006977389007806778 and parameters: {'lr': 0.0010049492468067302, 'hidden_dim': 207, 'n_layers': 7, 'batch_size': 64}. Best is trial 71 with value: 0.005670638848096132.
Early stopping...
[I 2023-08-03 09:11:47,632] Trial 84 finished with value: 0.00588125130161643 and parameters: {'lr': 0.002554663813918215, 'hidden_dim': 157, 'n_layers': 6, 'batch_size': 64}. Best is trial 71 with value: 0.005670638848096132.
[I 2023-08-03 09:27:24,688] Trial 85 finished with value: 0.005822444148361683 and parameters: {'lr': 0.003045919914639649, 'hidden_dim': 171, 'n_layers': 6, 'batch_size': 64}. Best is trial 71 with value: 0.005670638848096132.
[I 2023-08-03 09:40:20,771] Trial 86 finished with value: 0.006026484817266464 and parameters: {'lr': 0.001798141004693621, 'hidden_dim': 162, 'n_layers': 5, 'batch_size': 64}. Best is trial 71 with value: 0.005670638848096132.
[I 2023-08-03 09:48:20,679] Trial 87 finished with value: 0.007231622934341431 and parameters: {'lr': 0.0013263117217543645, 'hidden_dim': 176, 'n_layers': 6, 'batch_size': 64}. Best is trial 71 with value: 0.005670638848096132.
Early stopping...
[I 2023-08-03 10:04:34,582] Trial 88 finished with value: 0.006087064929306507 and parameters: {'lr': 0.003146371366724605, 'hidden_dim': 193, 'n_layers': 7, 'batch_size': 64}. Best is trial 71 with value: 0.005670638848096132.
Early stopping...
[I 2023-08-03 10:14:54,669] Trial 89 finished with value: 0.006859406922012567 and parameters: {'lr': 0.0008446698908937845, 'hidden_dim': 161, 'n_layers': 6, 'batch_size': 64}. Best is trial 71 with value: 0.005670638848096132.
Early stopping...
[I 2023-08-03 10:32:52,261] Trial 90 finished with value: 0.00586165701970458 and parameters: {'lr': 0.0019645304666001556, 'hidden_dim': 184, 'n_layers': 7, 'batch_size': 64}. Best is trial 71 with value: 0.005670638848096132.
Early stopping...
[I 2023-08-03 10:35:05,486] Trial 91 finished with value: 0.043640827760100365 and parameters: {'lr': 0.0023580902169887358, 'hidden_dim': 151, 'n_layers': 6, 'batch_size': 256}. Best is trial 71 with value: 0.005670638848096132.
Early stopping...
[I 2023-08-03 10:48:28,551] Trial 92 finished with value: 0.005926598981022835 and parameters: {'lr': 0.0015607269886207993, 'hidden_dim': 170, 'n_layers': 5, 'batch_size': 64}. Best is trial 71 with value: 0.005670638848096132.
[I 2023-08-03 11:02:20,377] Trial 93 finished with value: 0.005865564476698637 and parameters: {'lr': 0.0011169078989123342, 'hidden_dim': 145, 'n_layers': 6, 'batch_size': 64}. Best is trial 71 with value: 0.005670638848096132.
